........................................................................ [  6%]
........................................................................ [ 13%]
........................................................................ [ 19%]
........................................................................ [ 26%]
........................................................................ [ 33%]
........................................................................ [ 39%]
........................................................................ [ 46%]
........................................................................ [ 53%]
.....................................................
[bench] Kalman predict+update: 21.8 µs/step (5 tracks × 500 frames in 54.4 ms)
................... [ 59%]
........................................................................ [ 66%]
........................................................................ [ 73%]
..........ss............................................................ [ 79%]
........................................................................ [ 86%]
........................................................................ [ 93%]
........................................................................ [ 99%]
.                                                                        [100%]
=============================== tests coverage ================================
_______________ coverage: platform win32, python 3.12.6-final-0 _______________

Name                              Stmts   Miss  Cover   Missing
---------------------------------------------------------------
src\cloud\persist_event.py          123      2    98%   433-434
src\cloud\query_aggregates.py       301     38    87%   134, 137, 148-154, 172, 184-193, 212-213, 235, 257-258, 290, 364, 369, 411, 492, 1538-1557
src\config\hardware.py               75      2    97%   128-129
src\config\loader.py                384     36    91%   117-124, 212, 328, 339, 341, 348, 361, 383, 390, 406, 410, 415, 530, 535, 649, 657, 684, 687, 712-717, 902-903, 923-924, 955-958, 980-982
src\main.py                         981    372    62%   218, 223, 230, 247-267, 280-288, 327, 334, 386, 390, 406-408, 411-420, 423, 426, 429, 432, 452, 500-613, 631-635, 638-642, 674-677, 681-682, 685-686, 689-690, 694-696, 706-709, 716-721, 726-730, 843, 909, 917-921, 1075, 1104-1118, 1139, 1203-1221, 1234-1235, 1243, 1269-1276, 1297-1298, 1301-1302, 1330-1347, 1382-1383, 1487, 1513-1514, 1516-1586, 1606, 1617-1629, 1645-1656, 1663-1666, 1727, 1756-1759, 1774-1775, 1786-1801, 1815, 1908-1934, 2018-2024, 2035-2037, 2065-2066, 2152, 2157-2159, 2241, 2263-2264, 2292-2295, 2318-2342, 2368-2392, 2436-2438, 2543-2546, 2558-2569, 2607-2656, 2675-2692, 2703-2706, 2708-2712, 2813, 2831-2842, 2856-2874, 2878
src\mqtt\buffer.py                   83     14    83%   41-42, 132-134, 155, 178-180, 198-199, 213-215
src\mqtt\client.py                  220     30    86%   266-268, 271, 330, 364-365, 402, 412-418, 458-464, 520-539, 557-558, 569-570, 573-574, 577
src\status\health.py                 68      6    91%   70-72, 80-82
src\status\led.py                    89      9    90%   80-89, 164-165, 177-178
src\status\monitor.py                73      3    96%   109, 132-133
src\telemetry.py                    247     44    82%   49, 57, 66-67, 73-75, 78, 124-126, 141-142, 153-154, 162-171, 200-201, 238, 241, 268, 285, 293, 307-308, 316-317, 341-342, 350-353, 408-410
src\tracking\counter.py             449     14    97%   272-273, 633, 722, 770, 845-846, 922, 933, 959, 1210, 1442-1443, 1447
src\tracking\tracker.py             444     42    91%   93, 148-151, 178, 365, 440, 595-608, 646, 763, 808, 871, 901-904, 923, 984-986, 1028-1030, 1045, 1047, 1085, 1094, 1151-1154
src\vision\best_frame.py            169     19    89%   139, 143, 252-254, 322, 326, 356, 365-370, 394, 397-402, 435, 452-454
src\vision\calibration.py           645     49    92%   128, 138, 225, 315-316, 388, 610-612, 693, 716-732, 1068, 1070, 1191-1192, 1195, 1198-1199, 1206-1207, 1209, 1260, 1439, 1460-1461, 1502, 1515-1516, 1556-1565, 1604-1605, 1608, 1610-1611, 1657, 1682, 1693, 1706, 1713, 1766, 1769, 1887-1888
src\vision\capture.py               371    145    61%   71-79, 93-123, 164-165, 290-428, 446-467, 476-492, 523-537, 549, 555-567, 583, 598-600, 607, 638-639, 649, 698, 750-751, 757-758, 761, 849, 857
src\vision\depth.py                 235     84    64%   53, 129, 193-198, 221-229, 241-254, 444, 460, 507-508, 519, 528-529, 532, 537, 544, 555, 558, 562, 573, 630-751
src\vision\detect.py                230     90    61%   93-154, 171-178, 182-186, 198-212, 221-224, 313, 366, 430, 440, 496, 558-581, 649-676, 733
src\vision\report.py                166     32    81%   34, 94-114, 146-148, 160-166, 181-187, 199-210, 334, 346-347, 382-385, 395-398
src\vision\static_suppressor.py      52      1    98%   134
src\web\admin_auth.py                45      3    93%   41, 72-73
src\web\annotate.py                 184     18    90%   169, 294-296, 334, 358, 428, 509-510, 516-517, 563-571
src\web\viewer.py                   350     80    77%   531-540, 573-574, 589, 635-637, 639, 650-653, 709-710, 743, 746-748, 759-772, 806-807, 818-819, 822-823, 830-840, 866-867, 877-878, 894-895, 924-925, 928, 957-958, 962, 965-992
src\wifi_ble\ble_scan.py            101     40    60%   104-105, 178-184, 188-253
src\wifi_ble\dedup.py               180     21    88%   192, 194, 262, 571, 576-577, 600-625, 674, 709
src\wifi_ble\fingerprint.py          43      2    95%   52, 56
src\wifi_ble\wifi_probe.py          261     78    70%   203, 214-215, 378, 431-432, 467, 498-499, 524-536, 545-550, 569-658, 671-677
---------------------------------------------------------------
TOTAL                              6834   1274    81%

15 files skipped due to complete coverage.
1079 passed, 2 skipped in 42.14s
